{"/Users/joaoguilhermeestevesbarbosa/Projects/upvotes/src/index.js": {"path":"/Users/joaoguilhermeestevesbarbosa/Projects/upvotes/src/index.js","statementMap":{"0":{"start":{"line":6,"column":12},"end":{"line":6,"column":26}},"1":{"start":{"line":6,"column":18},"end":{"line":6,"column":26}}},"fnMap":{"0":{"name":"(anonymous_0)","decl":{"start":{"line":6,"column":12},"end":{"line":6,"column":13}},"loc":{"start":{"line":6,"column":18},"end":{"line":6,"column":26}},"line":6}},"branchMap":{},"s":{"0":1,"1":1},"f":{"0":1},"b":{},"_coverageSchema":"43e27e138ebf9cfc5966b082cf9a028302ed4184","hash":"e73d96040d160d57a79a53270e2b7d9ea9c6d022"}
,"/Users/joaoguilhermeestevesbarbosa/Projects/upvotes/src/components/Test.js": {"path":"/Users/joaoguilhermeestevesbarbosa/Projects/upvotes/src/components/Test.js","statementMap":{"0":{"start":{"line":7,"column":2},"end":{"line":7,"column":27}}},"fnMap":{"0":{"name":"Test","decl":{"start":{"line":6,"column":24},"end":{"line":6,"column":28}},"loc":{"start":{"line":6,"column":31},"end":{"line":8,"column":1}},"line":6}},"branchMap":{},"s":{"0":1},"f":{"0":1},"b":{},"_coverageSchema":"43e27e138ebf9cfc5966b082cf9a028302ed4184","hash":"373ba3625c30c6cff5237a7d538d2641a8e9744c"}
}
